TN:
SF:/home/simonj/Work/sijohans/salt-channel-c/src/external/tweetnacl/tweetnacl.c
FN:25,L32
FN:27,ld32
FN:35,dl64
FN:42,st32
FN:48,ts64
FN:54,vn
FN:61,crypto_verify_16_tweet
FN:66,crypto_verify_32_tweet
FN:71,core
FN:111,crypto_core_salsa20_tweet
FN:117,crypto_core_hsalsa20_tweet
FN:125,crypto_stream_salsa20_tweet_xor
FN:152,crypto_stream_salsa20_tweet
FN:157,crypto_stream_xsalsa20_tweet
FN:164,crypto_stream_xsalsa20_tweet_xor
FN:171,add1305
FN:185,crypto_onetimeauth_poly1305_tweet
FN:238,crypto_onetimeauth_poly1305_tweet_verify
FN:245,crypto_secretbox_xsalsa20poly1305_tweet
FN:255,crypto_secretbox_xsalsa20poly1305_tweet_open
FN:267,set25519
FN:273,car25519
FN:285,sel25519
FN:295,pack25519
FN:320,neq25519
FN:328,par25519
FN:335,unpack25519
FN:342,A
FN:348,Z
FN:354,M
FN:365,S
FN:370,inv25519
FN:382,pow2523
FN:394,crypto_scalarmult_curve25519_tweet
FN:445,crypto_scalarmult_curve25519_tweet_base
FN:450,crypto_box_curve25519xsalsa20poly1305_tweet_keypair
FN:456,crypto_box_curve25519xsalsa20poly1305_tweet_beforenm
FN:463,crypto_box_curve25519xsalsa20poly1305_tweet_afternm
FN:468,crypto_box_curve25519xsalsa20poly1305_tweet_open_afternm
FN:473,crypto_box_curve25519xsalsa20poly1305_tweet
FN:480,crypto_box_curve25519xsalsa20poly1305_tweet_open
FN:487,R
FN:488,Ch
FN:489,Maj
FN:490,Sigma0
FN:491,Sigma1
FN:492,sigma0
FN:493,sigma1
FN:519,crypto_hashblocks_sha512_tweet
FN:562,crypto_hash_sha512_tweet
FN:588,add
FN:613,cswap
FN:620,pack
FN:630,scalarmult
FN:646,scalarbase
FN:656,crypto_sign_ed25519_tweet_keypair
FN:677,modL
FN:703,reduce
FN:711,crypto_sign_ed25519_tweet
FN:743,unpackneg
FN:779,crypto_sign_ed25519_tweet_open
FNDA:1920,L32
FNDA:128,ld32
FNDA:384,dl64
FNDA:64,st32
FNDA:170,ts64
FNDA:2,vn
FNDA:2,crypto_verify_16_tweet
FNDA:0,crypto_verify_32_tweet
FNDA:6,core
FNDA:2,crypto_core_salsa20_tweet
FNDA:4,crypto_core_hsalsa20_tweet
FNDA:2,crypto_stream_salsa20_tweet_xor
FNDA:2,crypto_stream_salsa20_tweet
FNDA:2,crypto_stream_xsalsa20_tweet
FNDA:0,crypto_stream_xsalsa20_tweet_xor
FNDA:18,add1305
FNDA:2,crypto_onetimeauth_poly1305_tweet
FNDA:2,crypto_onetimeauth_poly1305_tweet_verify
FNDA:0,crypto_secretbox_xsalsa20poly1305_tweet
FNDA:2,crypto_secretbox_xsalsa20poly1305_tweet_open
FNDA:14,set25519
FNDA:44948,car25519
FNDA:8192,sel25519
FNDA:8,pack25519
FNDA:0,neq25519
FNDA:2,par25519
FNDA:4,unpack25519
FNDA:9200,A
FNDA:8176,Z
FNDA:22462,M
FNDA:5604,S
FNDA:6,inv25519
FNDA:0,pow2523
FNDA:4,crypto_scalarmult_curve25519_tweet
FNDA:2,crypto_scalarmult_curve25519_tweet_base
FNDA:2,crypto_box_curve25519xsalsa20poly1305_tweet_keypair
FNDA:2,crypto_box_curve25519xsalsa20poly1305_tweet_beforenm
FNDA:0,crypto_box_curve25519xsalsa20poly1305_tweet_afternm
FNDA:2,crypto_box_curve25519xsalsa20poly1305_tweet_open_afternm
FNDA:0,crypto_box_curve25519xsalsa20poly1305_tweet
FNDA:0,crypto_box_curve25519xsalsa20poly1305_tweet_open
FNDA:11200,R
FNDA:1120,Ch
FNDA:1120,Maj
FNDA:1120,Sigma0
FNDA:1120,Sigma1
FNDA:1120,sigma0
FNDA:1120,sigma1
FNDA:20,crypto_hashblocks_sha512_tweet
FNDA:10,crypto_hash_sha512_tweet
FNDA:1024,add
FNDA:1024,cswap
FNDA:2,pack
FNDA:2,scalarmult
FNDA:2,scalarbase
FNDA:0,crypto_sign_ed25519_tweet_keypair
FNDA:6,modL
FNDA:4,reduce
FNDA:2,crypto_sign_ed25519_tweet
FNDA:0,unpackneg
FNDA:0,crypto_sign_ed25519_tweet_open
FNF:61
FNH:50
DA:25,1920
DA:27,128
DA:29,128
DA:30,128
DA:31,128
DA:32,128
DA:35,384
DA:37,384
DA:38,384
DA:39,384
DA:42,64
DA:45,64
DA:46,64
DA:48,170
DA:51,170
DA:52,170
DA:54,2
DA:56,2
DA:57,2
DA:58,2
DA:61,2
DA:63,2
DA:66,0
DA:68,0
DA:71,6
DA:76,30
DA:77,24
DA:78,24
DA:79,24
DA:80,24
DA:83,6
DA:85,126
DA:86,600
DA:87,480
DA:88,480
DA:89,480
DA:90,480
DA:91,480
DA:92,480
DA:94,120
DA:97,6
DA:98,4
DA:99,20
DA:100,16
DA:101,16
DA:103,20
DA:104,16
DA:105,16
DA:108,2
DA:109,6
DA:111,2
DA:113,2
DA:114,2
DA:117,4
DA:119,4
DA:120,4
DA:125,2
DA:129,2
DA:130,2
DA:131,2
DA:132,4
DA:133,0
DA:134,0
DA:135,0
DA:136,0
DA:137,0
DA:138,0
DA:139,0
DA:141,0
DA:142,0
DA:143,0
DA:145,2
DA:146,2
DA:147,2
DA:149,2
DA:152,2
DA:154,2
DA:157,2
DA:160,2
DA:161,2
DA:164,0
DA:167,0
DA:168,0
DA:171,18
DA:173,18
DA:174,324
DA:175,306
DA:176,306
DA:177,306
DA:179,18
DA:185,2
DA:189,2
DA:190,2
DA:191,2
DA:192,2
DA:193,2
DA:194,2
DA:195,2
DA:196,2
DA:197,2
DA:199,18
DA:200,14
DA:201,14
DA:202,14
DA:203,14
DA:204,14
DA:205,252
DA:206,238
DA:207,238
DA:209,14
DA:210,14
DA:211,238
DA:212,224
DA:213,224
DA:214,224
DA:216,14
DA:217,14
DA:218,238
DA:219,224
DA:220,224
DA:221,224
DA:223,14
DA:226,2
DA:227,2
DA:228,2
DA:229,2
DA:231,2
DA:232,2
DA:233,2
DA:234,2
DA:235,2
DA:238,2
DA:241,2
DA:242,2
DA:245,0
DA:248,0
DA:249,0
DA:250,0
DA:251,0
DA:252,0
DA:255,2
DA:259,2
DA:260,2
DA:261,2
DA:262,0
DA:263,0
DA:264,0
DA:267,14
DA:270,14
DA:271,14
DA:273,44948
DA:277,764116
DA:278,719168
DA:279,719168
DA:280,719168
DA:281,719168
DA:283,44948
DA:285,8192
DA:287,8192
DA:288,139264
DA:289,131072
DA:290,131072
DA:291,131072
DA:293,8192
DA:295,8
DA:299,8
DA:300,8
DA:301,8
DA:302,8
DA:303,24
DA:304,16
DA:305,240
DA:306,224
DA:307,224
DA:309,16
DA:310,16
DA:311,16
DA:312,16
DA:314,136
DA:315,128
DA:316,128
DA:318,8
DA:320,0
DA:323,0
DA:324,0
DA:325,0
DA:328,2
DA:331,2
DA:332,2
DA:335,4
DA:338,4
DA:339,4
DA:340,4
DA:342,9200
DA:345,9200
DA:346,9200
DA:348,8176
DA:351,8176
DA:352,8176
DA:354,22462
DA:357,22462
DA:358,22462
DA:359,22462
DA:360,22462
DA:361,22462
DA:362,22462
DA:363,22462
DA:365,5604
DA:367,5604
DA:368,5604
DA:370,6
DA:374,6
DA:375,1530
DA:376,1524
DA:377,1524
DA:379,6
DA:380,6
DA:382,0
DA:386,0
DA:387,0
DA:388,0
DA:389,0
DA:391,0
DA:392,0
DA:394,4
DA:399,4
DA:400,4
DA:401,4
DA:402,4
DA:403,68
DA:404,64
DA:405,64
DA:407,4
DA:408,1024
DA:409,1020
DA:410,1020
DA:411,1020
DA:412,1020
DA:413,1020
DA:414,1020
DA:415,1020
DA:416,1020
DA:417,1020
DA:418,1020
DA:419,1020
DA:420,1020
DA:421,1020
DA:422,1020
DA:423,1020
DA:424,1020
DA:425,1020
DA:426,1020
DA:427,1020
DA:428,1020
DA:429,1020
DA:430,1020
DA:431,1020
DA:433,68
DA:434,64
DA:435,64
DA:436,64
DA:437,64
DA:439,4
DA:440,4
DA:441,4
DA:442,4
DA:445,2
DA:447,2
DA:450,2
DA:452,2
DA:453,2
DA:456,2
DA:459,2
DA:460,2
DA:463,0
DA:465,0
DA:468,2
DA:470,2
DA:473,0
DA:476,0
DA:477,0
DA:480,0
DA:483,0
DA:484,0
DA:487,11200
DA:488,1120
DA:489,1120
DA:490,1120
DA:491,1120
DA:492,1120
DA:493,1120
DA:519,20
DA:524,20
DA:526,54
DA:527,14
DA:529,1134
DA:530,1120
DA:531,1120
DA:532,1120
DA:533,1120
DA:534,1120
DA:535,1120
DA:536,1190
DA:537,1120
DA:540,14
DA:542,14
DA:543,14
DA:546,20
DA:548,20
DA:562,10
DA:565,10
DA:567,10
DA:569,10
DA:570,10
DA:571,10
DA:572,10
DA:574,10
DA:575,10
DA:576,10
DA:578,10
DA:579,10
DA:580,10
DA:581,10
DA:583,10
DA:585,10
DA:588,1024
DA:592,1024
DA:593,1024
DA:594,1024
DA:595,1024
DA:596,1024
DA:597,1024
DA:598,1024
DA:599,1024
DA:600,1024
DA:601,1024
DA:602,1024
DA:603,1024
DA:604,1024
DA:605,1024
DA:607,1024
DA:608,1024
DA:609,1024
DA:610,1024
DA:611,1024
DA:613,1024
DA:616,5120
DA:617,4096
DA:618,1024
DA:620,2
DA:623,2
DA:624,2
DA:625,2
DA:626,2
DA:627,2
DA:628,2
DA:630,2
DA:633,2
DA:634,2
DA:635,2
DA:636,2
DA:637,514
DA:638,512
DA:639,512
DA:640,512
DA:641,512
DA:642,512
DA:644,2
DA:646,2
DA:649,2
DA:650,2
DA:651,2
DA:652,2
DA:653,2
DA:654,2
DA:656,0
DA:662,0
DA:663,0
DA:664,0
DA:665,0
DA:666,0
DA:668,0
DA:669,0
DA:671,0
DA:672,0
DA:677,6
DA:680,198
DA:681,192
DA:682,4032
DA:683,3840
DA:684,3840
DA:685,3840
DA:687,192
DA:688,192
DA:690,6
DA:691,198
DA:692,192
DA:693,192
DA:694,192
DA:696,6
DA:697,198
DA:698,192
DA:699,192
DA:701,6
DA:703,4
DA:706,4
DA:707,4
DA:708,4
DA:709,4
DA:711,2
DA:717,2
DA:718,2
DA:719,2
DA:720,2
DA:722,2
DA:723,2
DA:724,2
DA:726,2
DA:727,2
DA:728,2
DA:729,2
DA:731,2
DA:732,2
DA:733,2
DA:735,2
DA:736,2
DA:737,2
DA:738,2
DA:740,2
DA:743,0
DA:746,0
DA:747,0
DA:748,0
DA:749,0
DA:750,0
DA:751,0
DA:753,0
DA:754,0
DA:755,0
DA:756,0
DA:757,0
DA:759,0
DA:760,0
DA:761,0
DA:762,0
DA:763,0
DA:765,0
DA:766,0
DA:767,0
DA:769,0
DA:770,0
DA:771,0
DA:773,0
DA:775,0
DA:776,0
DA:779,0
DA:785,0
DA:786,0
DA:788,0
DA:790,0
DA:791,0
DA:792,0
DA:793,0
DA:794,0
DA:796,0
DA:797,0
DA:798,0
DA:800,0
DA:801,0
DA:802,0
DA:803,0
DA:806,0
DA:807,0
DA:808,0
LF:474
LH:376
end_of_record
TN:
SF:/home/simonj/Work/sijohans/salt-channel-c/fuzz-tests/client_app.c
FN:9,randombytes
FN:36,my_write
FN:41,my_read
FN:83,my_time_impl
FN:87,main
FNDA:2,randombytes
FNDA:2,my_write
FNDA:8,my_read
FNDA:4,my_time_impl
FNDA:2,main
FNF:5
FNH:5
DA:9,2
DA:13,2
DA:36,2
DA:38,2
DA:41,8
DA:48,8
DA:50,2
DA:51,2
DA:52,2
DA:54,2
DA:55,2
DA:56,2
DA:58,2
DA:59,2
DA:60,2
DA:62,2
DA:63,2
DA:64,2
DA:66,0
DA:67,0
DA:68,0
DA:69,0
DA:71,0
DA:72,0
DA:73,0
DA:75,0
DA:78,8
DA:80,8
DA:83,4
DA:84,4
DA:85,4
DA:87,2
DA:92,2
DA:95,2
DA:96,2
DA:97,2
DA:98,2
DA:101,2
DA:103,2
DA:104,2
DA:108,0
DA:109,0
DA:111,0
DA:112,0
DA:115,0
LF:45
LH:32
end_of_record
TN:
SF:/home/simonj/Work/sijohans/salt-channel-c/src/salt_v2.c
FN:186,salt_create
FN:214,salt_set_context
FN:226,salt_a1a2
FN:283,salt_set_signature
FN:298,salt_create_signature
FN:306,salt_init_session
FN:361,salt_handshake
FN:373,salt_request_ticket
FN:386,salt_resume
FN:401,salt_read_begin
FN:423,salt_read_init
FN:519,salt_read_next
FN:543,salt_write_begin
FN:580,salt_write_next
FN:600,salt_write_execute
FN:617,salt_write_create
FN:649,salti_read
FN:753,salti_write
FN:818,salti_handshake_server
FN:960,salti_handshake_client
FN:1101,salti_create_m1
FN:1131,salti_handle_a1_or_m1
FN:1144,salti_create_a2
FN:1185,salti_handle_m1
FN:1242,salti_create_m2
FN:1287,salti_handle_m2
FN:1319,salti_create_m3m4
FN:1352,salti_handle_m3m4
FN:1381,salti_encrypt
FN:1399,salti_decrypt
FN:1417,salti_increase_nonce
FN:1431,salti_u16_to_bytes
FN:1436,salti_bytes_to_u16
FN:1442,salti_u32_to_bytes
FN:1447,salti_bytes_to_u32
FN:1452,salti_get_time
FNDA:2,salt_create
FNDA:0,salt_set_context
FNDA:0,salt_a1a2
FNDA:2,salt_set_signature
FNDA:0,salt_create_signature
FNDA:2,salt_init_session
FNDA:2,salt_handshake
FNDA:0,salt_request_ticket
FNDA:0,salt_resume
FNDA:2,salt_read_begin
FNDA:0,salt_read_init
FNDA:0,salt_read_next
FNDA:0,salt_write_begin
FNDA:0,salt_write_next
FNDA:0,salt_write_execute
FNDA:0,salt_write_create
FNDA:4,salti_read
FNDA:2,salti_write
FNDA:0,salti_handshake_server
FNDA:2,salti_handshake_client
FNDA:2,salti_create_m1
FNDA:0,salti_handle_a1_or_m1
FNDA:0,salti_create_a2
FNDA:0,salti_handle_m1
FNDA:0,salti_create_m2
FNDA:2,salti_handle_m2
FNDA:2,salti_create_m3m4
FNDA:0,salti_handle_m3m4
FNDA:0,salti_encrypt
FNDA:2,salti_decrypt
FNDA:0,salti_increase_nonce
FNDA:0,salti_u16_to_bytes
FNDA:0,salti_bytes_to_u16
FNDA:2,salti_u32_to_bytes
FNDA:4,salti_bytes_to_u32
FNDA:4,salti_get_time
FNF:36
FNH:15
DA:186,2
DA:194,2
DA:196,2
DA:199,2
DA:200,2
DA:202,2
DA:203,2
DA:204,2
DA:205,2
DA:206,2
DA:207,2
DA:208,2
DA:209,2
DA:211,2
DA:214,0
DA:219,0
DA:220,0
DA:221,0
DA:223,0
DA:226,0
DA:232,0
DA:233,0
DA:235,0
DA:236,0
DA:238,0
DA:241,0
DA:242,0
DA:243,0
DA:247,0
DA:248,0
DA:249,0
DA:250,0
DA:251,0
DA:252,0
DA:254,0
DA:255,0
DA:256,0
DA:257,0
DA:259,0
DA:261,0
DA:262,0
DA:263,0
DA:270,0
DA:271,0
DA:272,0
DA:274,0
DA:276,0
DA:280,0
DA:283,2
DA:287,2
DA:288,2
DA:290,2
DA:291,2
DA:293,2
DA:298,0
DA:300,0
DA:301,0
DA:302,0
DA:303,0
DA:306,2
DA:310,2
DA:311,2
DA:314,2
DA:315,2
DA:319,2
DA:320,2
DA:323,2
DA:324,2
DA:325,2
DA:326,2
DA:329,2
DA:330,0
DA:331,0
DA:332,0
DA:333,0
DA:336,2
DA:337,2
DA:338,2
DA:339,2
DA:342,2
DA:343,2
DA:352,2
DA:354,2
DA:355,2
DA:357,2
DA:361,2
DA:363,2
DA:365,2
DA:366,0
DA:369,2
DA:373,0
DA:378,0
DA:382,0
DA:383,0
DA:386,0
DA:392,0
DA:397,0
DA:398,0
DA:401,2
DA:408,2
DA:409,2
DA:411,0
DA:413,0
DA:415,0
DA:416,0
DA:417,0
DA:420,0
DA:423,0
DA:428,0
DA:429,0
DA:430,0
DA:432,0
DA:433,0
DA:436,0
DA:439,0
DA:440,0
DA:455,0
DA:456,0
DA:457,0
DA:459,0
DA:462,0
DA:463,0
DA:481,0
DA:482,0
DA:483,0
DA:484,0
DA:486,0
DA:487,0
DA:490,0
DA:491,0
DA:492,0
DA:494,0
DA:495,0
DA:496,0
DA:497,0
DA:498,0
DA:499,0
DA:501,0
DA:505,0
DA:506,0
DA:507,0
DA:508,0
DA:510,0
DA:512,0
DA:515,0
DA:519,0
DA:522,0
DA:523,0
DA:526,0
DA:527,0
DA:528,0
DA:529,0
DA:531,0
DA:532,0
DA:535,0
DA:537,0
DA:540,0
DA:543,0
DA:548,0
DA:549,0
DA:552,0
DA:553,0
DA:556,0
DA:557,0
DA:570,0
DA:571,0
DA:572,0
DA:573,0
DA:574,0
DA:575,0
DA:577,0
DA:580,0
DA:584,0
DA:585,0
DA:588,0
DA:589,0
DA:590,0
DA:592,0
DA:593,0
DA:594,0
DA:595,0
DA:597,0
DA:600,0
DA:602,0
DA:603,0
DA:605,0
DA:607,0
DA:608,0
DA:611,0
DA:614,0
DA:617,0
DA:620,0
DA:621,0
DA:622,0
DA:623,0
DA:624,0
DA:626,0
DA:627,0
DA:628,0
DA:629,0
DA:630,0
DA:633,0
DA:649,4
DA:655,4
DA:656,4
DA:658,4
DA:661,4
DA:662,4
DA:663,4
DA:664,4
DA:665,4
DA:668,4
DA:670,4
DA:672,0
DA:675,4
DA:677,4
DA:682,2
DA:683,2
DA:686,4
DA:687,0
DA:688,0
DA:689,0
DA:690,0
DA:693,4
DA:694,4
DA:698,4
DA:700,4
DA:702,4
DA:714,2
DA:717,2
DA:718,2
DA:719,2
DA:721,2
DA:725,2
DA:727,2
DA:731,2
DA:733,2
DA:735,2
DA:737,0
DA:740,2
DA:747,2
DA:750,2
DA:753,2
DA:759,2
DA:760,2
DA:762,2
DA:764,2
DA:765,2
DA:766,2
DA:769,2
DA:774,0
DA:776,0
DA:777,0
DA:778,0
DA:780,0
DA:788,0
DA:789,0
DA:791,0
DA:792,0
DA:794,0
DA:795,0
DA:798,2
DA:801,2
DA:802,2
DA:803,2
DA:805,2
DA:807,0
DA:810,2
DA:811,2
DA:814,2
DA:818,0
DA:821,0
DA:822,0
DA:823,0
DA:825,0
DA:826,0
DA:827,0
DA:829,0
DA:830,0
DA:831,0
DA:833,0
DA:834,0
DA:835,0
DA:837,0
DA:838,0
DA:839,0
DA:841,0
DA:843,0
DA:845,0
DA:846,0
DA:847,0
DA:848,0
DA:850,0
DA:852,0
DA:853,0
DA:855,0
DA:856,0
DA:857,0
DA:859,0
DA:861,0
DA:862,0
DA:864,0
DA:866,0
DA:867,0
DA:868,0
DA:869,0
DA:871,0
DA:872,0
DA:874,0
DA:876,0
DA:878,0
DA:879,0
DA:882,0
DA:884,0
DA:885,0
DA:886,0
DA:887,0
DA:888,0
DA:892,0
DA:893,0
DA:894,0
DA:904,0
DA:906,0
DA:907,0
DA:909,0
DA:910,0
DA:911,0
DA:913,0
DA:915,0
DA:916,0
DA:919,0
DA:920,0
DA:921,0
DA:923,0
DA:925,0
DA:926,0
DA:928,0
DA:929,0
DA:930,0
DA:932,0
DA:934,0
DA:935,0
DA:936,0
DA:938,0
DA:939,0
DA:940,0
DA:942,0
DA:944,0
DA:945,0
DA:947,0
DA:948,0
DA:950,0
DA:951,0
DA:953,0
DA:957,0
DA:960,2
DA:962,2
DA:963,2
DA:964,2
DA:965,14
DA:966,10
DA:967,10
DA:976,4
DA:977,2
DA:979,2
DA:981,2
DA:982,2
DA:983,2
DA:986,4
DA:987,2
DA:990,2
DA:991,2
DA:992,2
DA:994,2
DA:1001,2
DA:1003,2
DA:1004,2
DA:1007,2
DA:1008,2
DA:1009,2
DA:1011,2
DA:1014,4
DA:1015,2
DA:1016,2
DA:1017,2
DA:1018,2
DA:1019,2
DA:1046,4
DA:1047,2
DA:1049,2
DA:1050,2
DA:1051,2
DA:1053,2
DA:1056,2
DA:1058,2
DA:1059,2
DA:1061,2
DA:1062,0
DA:1063,0
DA:1065,2
DA:1067,0
DA:1068,0
DA:1070,0
DA:1071,0
DA:1072,0
DA:1074,0
DA:1076,0
DA:1077,0
DA:1079,0
DA:1081,0
DA:1082,0
DA:1084,0
DA:1085,0
DA:1087,0
DA:1092,2
DA:1101,2
DA:1109,2
DA:1110,2
DA:1111,2
DA:1112,2
DA:1113,2
DA:1114,2
DA:1116,2
DA:1118,2
DA:1119,2
DA:1122,2
DA:1124,2
DA:1125,2
DA:1127,2
DA:1129,2
DA:1131,0
DA:1135,0
DA:1136,0
DA:1137,0
DA:1139,0
DA:1141,0
DA:1144,0
DA:1149,0
DA:1151,0
DA:1153,0
DA:1155,0
DA:1157,0
DA:1158,0
DA:1161,0
DA:1162,0
DA:1165,0
DA:1166,0
DA:1168,0
DA:1171,0
DA:1172,0
DA:1174,0
DA:1178,0
DA:1180,0
DA:1182,0
DA:1185,0
DA:1190,0
DA:1194,0
DA:1197,0
DA:1202,0
DA:1214,0
DA:1215,0
DA:1224,0
DA:1229,0
DA:1233,0
DA:1236,0
DA:1238,0
DA:1242,0
DA:1253,0
DA:1254,0
DA:1256,0
DA:1258,0
DA:1259,0
DA:1262,0
DA:1264,0
DA:1266,0
DA:1268,0
DA:1269,0
DA:1272,0
DA:1275,0
DA:1278,0
DA:1279,0
DA:1281,0
DA:1282,0
DA:1284,0
DA:1287,2
DA:1293,2
DA:1296,2
DA:1304,2
DA:1310,2
DA:1314,2
DA:1316,2
DA:1319,2
DA:1325,2
DA:1326,2
DA:1328,2
DA:1329,0
DA:1331,2
DA:1339,2
DA:1345,2
DA:1347,2
DA:1349,2
DA:1352,0
DA:1359,0
DA:1361,0
DA:1364,0
DA:1365,0
DA:1367,0
DA:1368,0
DA:1370,0
DA:1372,0
DA:1378,0
DA:1381,0
DA:1385,0
DA:1389,0
DA:1390,0
DA:1391,0
DA:1393,0
DA:1395,0
DA:1399,2
DA:1403,2
DA:1407,2
DA:1408,2
DA:1409,2
DA:1411,0
DA:1413,0
DA:1417,0
DA:1420,0
DA:1423,0
DA:1424,0
DA:1425,0
DA:1426,0
DA:1429,0
DA:1431,0
DA:1433,0
DA:1434,0
DA:1436,0
DA:1438,0
DA:1442,2
DA:1444,2
DA:1445,2
DA:1447,4
DA:1449,4
DA:1452,4
DA:1454,4
DA:1455,4
DA:1456,4
DA:1458,0
LF:547
LH:188
end_of_record
TN:
SF:/home/simonj/Work/sijohans/salt-channel-c/src/salt_util.c
FN:18,salt_mode2str
FNDA:6,salt_mode2str
FNF:1
FNH:1
DA:18,6
DA:20,6
DA:22,0
DA:24,6
DA:26,0
LF:5
LH:3
end_of_record
